<?xml version="1.0" encoding="UTF-8"?>
<!-- Generated by org.testng.reporters.JUnitReportReporter -->
<testsuite skipped="0" hostname="DESKTOP-V43CQ38" name="test.LoginTest" tests="1" failures="0" timestamp="2021-04-15T18:36:13 IST" time="0.703" errors="0">
  <testcase name="LoginTest" time="0.703" classname="test.LoginTest"/>
  <system-out/>
</testsuite> <!-- test.LoginTest -->
