<?xml version="1.0" encoding="UTF-8"?>
<!-- Generated by org.testng.reporters.JUnitReportReporter -->
<testsuite skipped="0" hostname="DESKTOP-V43CQ38" name="test.FailLoginTest" tests="1" failures="0" timestamp="2021-04-15T18:37:25 IST" time="0.678" errors="0">
  <testcase name="FailLoginTest" time="0.678" classname="test.FailLoginTest"/>
  <system-out/>
</testsuite> <!-- test.FailLoginTest -->
