<?xml version="1.0" encoding="UTF-8"?>
<!-- Generated by org.testng.reporters.JUnitReportReporter -->
<testsuite skipped="0" hostname="DESKTOP-V43CQ38" name="test.EmptyLoginCredentials" tests="1" failures="0" timestamp="2021-04-15T18:35:19 IST" time="0.713" errors="0">
  <testcase name="EmptyLoginCredentialsTest" time="0.713" classname="test.EmptyLoginCredentials"/>
  <system-out/>
</testsuite> <!-- test.EmptyLoginCredentials -->
