<?xml version="1.0" encoding="UTF-8"?>
<!-- Generated by org.testng.reporters.JUnitReportReporter -->
<testsuite skipped="0" hostname="DESKTOP-V43CQ38" name="test.BlankPassword" tests="1" failures="0" timestamp="2021-04-15T18:34:28 IST" time="0.823" errors="0">
  <testcase name="BlankPasswordTest" time="0.823" classname="test.BlankPassword"/>
  <system-out/>
</testsuite> <!-- test.BlankPassword -->
