<?xml version="1.0" encoding="UTF-8"?>
<!-- Generated by org.testng.reporters.JUnitReportReporter -->
<testsuite skipped="0" hostname="DESKTOP-V43CQ38" name="test.BlankUserName" tests="1" failures="0" timestamp="2021-04-15T18:34:00 IST" time="0.833" errors="0">
  <testcase name="BlankUsernameTest" time="0.833" classname="test.BlankUserName"/>
  <system-out/>
</testsuite> <!-- test.BlankUserName -->
